0 info it worked if it ends with ok
1 verbose cli [ 'node',
1 verbose cli   '/usr/local/bin/npm',
1 verbose cli   'install',
1 verbose cli   './twitter-bootstrap-node' ]
2 info using npm@1.2.24
3 info using node@v0.8.12
4 verbose read json /Users/leigh/frisb/package.json
5 warn package.json frisb@0.0.1 No repository field.
6 verbose read json /Users/leigh/frisb/node_modules/angular/package.json
7 verbose read json /Users/leigh/frisb/node_modules/express/package.json
8 verbose read json /Users/leigh/frisb/node_modules/jade/package.json
9 verbose read json /Users/leigh/frisb/node_modules/less-middleware/package.json
10 verbose read json /Users/leigh/frisb/node_modules/mongodb/package.json
11 verbose read json /Users/leigh/frisb/node_modules/swagger-node-express/package.json
12 verbose from cache /Users/leigh/frisb/package.json
13 verbose readDependencies using package.json deps
14 verbose cache add [ './twitter-bootstrap-node', null ]
15 verbose cache add name=undefined spec="./twitter-bootstrap-node" args=["./twitter-bootstrap-node",null]
16 verbose parsed url { pathname: './twitter-bootstrap-node',
16 verbose parsed url   path: './twitter-bootstrap-node',
16 verbose parsed url   href: './twitter-bootstrap-node' }
17 silly lockFile bdf2b7b1-twitter-bootstrap-node ./twitter-bootstrap-node
18 verbose lock ./twitter-bootstrap-node /Users/leigh/.npm/bdf2b7b1-twitter-bootstrap-node.lock
19 info maybeGithub Attempting ./twitter-bootstrap-node from git://github.com/./twitter-bootstrap-node
20 silly lockFile 45f814f0-ithub-com-twitter-bootstrap-node git://github.com/./twitter-bootstrap-node
21 verbose lock git://github.com/./twitter-bootstrap-node /Users/leigh/.npm/45f814f0-ithub-com-twitter-bootstrap-node.lock
22 verbose addRemoteGit [ 'git://github.com/./twitter-bootstrap-node', 'master' ]
23 verbose git clone git://github.com/./twitter-bootstrap-node Cloning into bare repository '/Users/leigh/.npm/_git-remotes/git-github-com-twitter-bootstrap-node-45f814f0'...
23 verbose git clone git://github.com/./twitter-bootstrap-node
23 verbose git clone git://github.com/./twitter-bootstrap-node fatal: remote error:
23 verbose git clone git://github.com/./twitter-bootstrap-node   Repository not found.
24 silly lockFile 45f814f0-ithub-com-twitter-bootstrap-node git://github.com/./twitter-bootstrap-node
25 silly lockFile 45f814f0-ithub-com-twitter-bootstrap-node git://github.com/./twitter-bootstrap-node
26 info maybeGithub Attempting ./twitter-bootstrap-node from git+ssh://git@github.com:./twitter-bootstrap-node
27 silly lockFile 1b3057a1-ithub-com-twitter-bootstrap-node git+ssh://git@github.com:./twitter-bootstrap-node
28 verbose lock git+ssh://git@github.com:./twitter-bootstrap-node /Users/leigh/.npm/1b3057a1-ithub-com-twitter-bootstrap-node.lock
29 verbose addRemoteGit [ 'git@github.com:./twitter-bootstrap-node', 'master' ]
30 error git clone git@github.com:./twitter-bootstrap-node Cloning into bare repository '/Users/leigh/.npm/_git-remotes/git-github-com-twitter-bootstrap-node-d4dc88d1'...
30 error git clone git@github.com:./twitter-bootstrap-node
30 error git clone git@github.com:./twitter-bootstrap-node Warning: Permanently added the RSA host key for IP address '204.232.175.90' to the list of known hosts.
30 error git clone git@github.com:./twitter-bootstrap-node Permission denied (publickey).
30 error git clone git@github.com:./twitter-bootstrap-node fatal: The remote end hung up unexpectedly
31 silly lockFile d4dc88d1-ithub-com-twitter-bootstrap-node git@github.com:./twitter-bootstrap-node
32 silly lockFile bdf2b7b1-twitter-bootstrap-node ./twitter-bootstrap-node
33 silly lockFile bdf2b7b1-twitter-bootstrap-node ./twitter-bootstrap-node
34 error addLocal Could not install ./twitter-bootstrap-node
35 error Error: ENOENT, stat './twitter-bootstrap-node'
36 error If you need help, you may report this log at:
36 error     <http://github.com/isaacs/npm/issues>
36 error or email it to:
36 error     <npm-@googlegroups.com>
37 error System Darwin 11.4.2
38 error command "node" "/usr/local/bin/npm" "install" "./twitter-bootstrap-node"
39 error cwd /Users/leigh/frisb
40 error node -v v0.8.12
41 error npm -v 1.2.24
42 error path ./twitter-bootstrap-node
43 error code ENOENT
44 error errno 34
45 verbose exit [ 34, true ]
